nov. 15, 2018 1:20:33 PM Logging_demo main
INFOS: this is the info level
nov. 15, 2018 1:20:33 PM Logging_demo main
INFOS: this is the info level v2
nov. 15, 2018 1:20:33 PM Logging_demo main
GRAVE: this is the severe level
nov. 15, 2018 1:20:33 PM Logging_demo main
GRAVE: this is the severe level v2
nov. 15, 2018 1:20:33 PM Logging_demo main
INFOS: =========== program ends =============
nov. 15, 2018 1:46:23 PM Logging_demo main
INFOS: this is the info level
nov. 15, 2018 1:46:23 PM Logging_demo main
INFOS: this is the info level v2
nov. 15, 2018 1:46:23 PM Logging_demo main
GRAVE: this is the severe level
nov. 15, 2018 1:46:23 PM Logging_demo main
GRAVE: this is the severe level v2
nov. 15, 2018 1:46:23 PM Logging_demo main
INFOS: =========== program ends =============
